Error[1109] /opt/microchip/mplabc18/v3.40/bin/../h/p18f4520.h 60 : type mismatch in redeclaration of 'PORTAbits'
Error[1109] /opt/microchip/mplabc18/v3.40/bin/../h/p18f4520.h 96 : type mismatch in redeclaration of 'PORTBbits'
Error[1109] /opt/microchip/mplabc18/v3.40/bin/../h/p18f4520.h 134 : type mismatch in redeclaration of 'PORTCbits'
Error[1109] /opt/microchip/mplabc18/v3.40/bin/../h/p18f4520.h 163 : type mismatch in redeclaration of 'PORTDbits'
Error[1109] /opt/microchip/mplabc18/v3.40/bin/../h/p18f4520.h 190 : type mismatch in redeclaration of 'PORTEbits'
Error[1109] /opt/microchip/mplabc18/v3.40/bin/../h/p18f4520.h 443 : type mismatch in redeclaration of 'DDREbits'
Error[1109] /opt/microchip/mplabc18/v3.40/bin/../h/p18f4520.h 462 : type mismatch in redeclaration of 'TRISEbits'
Error[1109] /opt/microchip/mplabc18/v3.40/bin/../h/p18f4520.h 478 : type mismatch in redeclaration of 'OSCTUNEbits'
Error[1109] /opt/microchip/mplabc18/v3.40/bin/../h/p18f4520.h 489 : type mismatch in redeclaration of 'PIE1bits'
Error[1109] /opt/microchip/mplabc18/v3.40/bin/../h/p18f4520.h 500 : type mismatch in redeclaration of 'PIR1bits'
Error[1109] /opt/microchip/mplabc18/v3.40/bin/../h/p18f4520.h 511 : type mismatch in redeclaration of 'IPR1bits'
Error[1109] /opt/microchip/mplabc18/v3.40/bin/../h/p18f4520.h 528 : type mismatch in redeclaration of 'PIE2bits'
Error[1109] /opt/microchip/mplabc18/v3.40/bin/../h/p18f4520.h 545 : type mismatch in redeclaration of 'PIR2bits'
Error[1109] /opt/microchip/mplabc18/v3.40/bin/../h/p18f4520.h 562 : type mismatch in redeclaration of 'IPR2bits'
Error[1109] /opt/microchip/mplabc18/v3.40/bin/../h/p18f4520.h 604 : type mismatch in redeclaration of 'TXSTAbits'
Error[1109] /opt/microchip/mplabc18/v3.40/bin/../h/p18f4520.h 627 : type mismatch in redeclaration of 'T3CONbits'
Error[1109] /opt/microchip/mplabc18/v3.40/bin/../h/p18f4520.h 679 : type mismatch in redeclaration of 'ECCP1ASbits'
Error[1109] /opt/microchip/mplabc18/v3.40/bin/../h/p18f4520.h 697 : type mismatch in redeclaration of 'ECCPASbits'
Error[1109] /opt/microchip/mplabc18/v3.40/bin/../h/p18f4520.h 729 : type mismatch in redeclaration of 'PWM1CONbits'
Error[1109] /opt/microchip/mplabc18/v3.40/bin/../h/p18f4520.h 748 : type mismatch in redeclaration of 'BAUDCONbits'
Error[1109] /opt/microchip/mplabc18/v3.40/bin/../h/p18f4520.h 767 : type mismatch in redeclaration of 'BAUDCTLbits'
Error[1109] /opt/microchip/mplabc18/v3.40/bin/../h/p18f4520.h 787 : type mismatch in redeclaration of 'CCP2CONbits'
Error[1109] /opt/microchip/mplabc18/v3.40/bin/../h/p18f4520.h 813 : type mismatch in redeclaration of 'CCP1CONbits'
Error[1109] /opt/microchip/mplabc18/v3.40/bin/../h/p18f4520.h 848 : type mismatch in redeclaration of 'ADCON1bits'
Error[1109] /opt/microchip/mplabc18/v3.40/bin/../h/p18f4520.h 876 : type mismatch in redeclaration of 'ADCON0bits'
