Added Component: Designator=Afficheur_LCD(HDR1X16H)
Added Component: Designator=C1(CAPA2)
Added Component: Designator=C2(CAPA2)
Added Component: Designator=connecteur_capteur(CONKK6)
Added Component: Designator=P1(Alim_double_erg)
Added Component: Designator=Poignard 1(Poignard)
Added Component: Designator=Poignard 2(Poignard)
Added Component: Designator=Poignard 3(Poignard)
Added Component: Designator=Poignard 4(Poignard)
Added Component: Designator=Poignard 5(Poignard)
Added Component: Designator=Poignard 6(Poignard)
Added Component: Designator=Poignard 7(Poignard)
Added Component: Designator=R1(res5_1/4W)
Added Component: Designator=R2(res5_1/4W)
Added Component: Designator=R3(res5_1/4W)
Added Component: Designator=R4(AJUSTABLE)
Added Component: Designator=R5(AJUSTABLE)
Added Component: Designator=R6(res5_1/4W)
Added Component: Designator=R7(res5_1/4W)
Added Component: Designator=U1(DIP8)
Added Component: Designator=U2(PDIP600-P40)
Added Pin To Net: NetName=D0 Pin=U2-19
Added Net: Name=D0
Added Pin To Net: NetName=D1 Pin=U2-20
Added Net: Name=D1
Added Pin To Net: NetName=D2 Pin=U2-21
Added Net: Name=D2
Added Pin To Net: NetName=D3 Pin=U2-22
Added Net: Name=D3
Added Pin To Net: NetName=E Pin=U2-29
Added Net: Name=E
Added Pin To Net: NetName=GND Pin=Afficheur_LCD-1
Added Pin To Net: NetName=GND Pin=Afficheur_LCD-2
Added Pin To Net: NetName=GND Pin=Afficheur_LCD-3
Added Pin To Net: NetName=GND Pin=Afficheur_LCD-4
Added Pin To Net: NetName=GND Pin=Afficheur_LCD-14
Added Pin To Net: NetName=GND Pin=C1-1
Added Pin To Net: NetName=GND Pin=C2-1
Added Pin To Net: NetName=GND Pin=connecteur_capteur-5
Added Pin To Net: NetName=GND Pin=P1-2
Added Pin To Net: NetName=GND Pin=Poignard 3-1
Added Pin To Net: NetName=GND Pin=R6-1
Added Pin To Net: NetName=GND Pin=R7-1
Added Pin To Net: NetName=GND Pin=U2-3
Added Pin To Net: NetName=GND Pin=U2-4
Added Pin To Net: NetName=GND Pin=U2-5
Added Pin To Net: NetName=GND Pin=U2-6
Added Pin To Net: NetName=GND Pin=U2-7
Added Pin To Net: NetName=GND Pin=U2-8
Added Pin To Net: NetName=GND Pin=U2-9
Added Pin To Net: NetName=GND Pin=U2-10
Added Pin To Net: NetName=GND Pin=U2-12
Added Pin To Net: NetName=GND Pin=U2-13
Added Pin To Net: NetName=GND Pin=U2-14
Added Pin To Net: NetName=GND Pin=U2-15
Added Pin To Net: NetName=GND Pin=U2-16
Added Pin To Net: NetName=GND Pin=U2-17
Added Pin To Net: NetName=GND Pin=U2-18
Added Pin To Net: NetName=GND Pin=U2-23
Added Pin To Net: NetName=GND Pin=U2-24
Added Pin To Net: NetName=GND Pin=U2-25
Added Pin To Net: NetName=GND Pin=U2-26
Added Pin To Net: NetName=GND Pin=U2-31
Added Pin To Net: NetName=GND Pin=U2-33
Added Pin To Net: NetName=GND Pin=U2-34
Added Pin To Net: NetName=GND Pin=U2-35
Added Pin To Net: NetName=GND Pin=U2-36
Added Pin To Net: NetName=GND Pin=U2-37
Added Pin To Net: NetName=GND Pin=U2-38
Added Net: Name=GND
Added Pin To Net: NetName=MCLR Pin=U2-1
Added Net: Name=MCLR
Added Pin To Net: NetName=NETLABEL21 Pin=Afficheur_LCD-5
Added Net: Name=NETLABEL21
Added Pin To Net: NetName=NETLABEL22 Pin=Afficheur_LCD-6
Added Net: Name=NETLABEL22
Added Pin To Net: NetName=NETLABEL23 Pin=Afficheur_LCD-7
Added Net: Name=NETLABEL23
Added Pin To Net: NetName=NETLABEL24 Pin=Afficheur_LCD-8
Added Net: Name=NETLABEL24
Added Pin To Net: NetName=NETLABEL25 Pin=Afficheur_LCD-9
Added Net: Name=NETLABEL25
Added Pin To Net: NetName=NETLABEL26 Pin=Afficheur_LCD-10
Added Net: Name=NETLABEL26
Added Pin To Net: NetName=NETLABEL27 Pin=Afficheur_LCD-11
Added Net: Name=NETLABEL27
Added Pin To Net: NetName=NETLABEL28 Pin=Afficheur_LCD-12
Added Net: Name=NETLABEL28
Added Pin To Net: NetName=NetR1_1 Pin=R1-1
Added Pin To Net: NetName=NetR1_1 Pin=U1-1
Added Net: Name=NetR1_1
Added Pin To Net: NetName=NetR1_2 Pin=R1-2
Added Pin To Net: NetName=NetR1_2 Pin=U1-8
Added Net: Name=NetR1_2
Added Pin To Net: NetName=NetR2_1 Pin=R2-1
Added Pin To Net: NetName=NetR2_1 Pin=R4-2
Added Net: Name=NetR2_1
Added Pin To Net: NetName=NetR3_1 Pin=R3-1
Added Pin To Net: NetName=NetR3_1 Pin=R5-2
Added Net: Name=NetR3_1
Added Pin To Net: NetName=NetR4_1 Pin=R4-1
Added Pin To Net: NetName=NetR4_1 Pin=R6-2
Added Net: Name=NetR4_1
Added Pin To Net: NetName=NetR5_1 Pin=R5-1
Added Pin To Net: NetName=NetR5_1 Pin=R7-2
Added Net: Name=NetR5_1
Added Pin To Net: NetName=PGC Pin=U2-39
Added Pin To Net: NetName=PGC Pin=U2-40
Added Net: Name=PGC
Added Net: Name=PGD
Added Pin To Net: NetName=PWR Pin=U2-30
Added Net: Name=PWR
Added Pin To Net: NetName=RS Pin=U2-27
Added Net: Name=RS
Added Pin To Net: NetName=RW Pin=U2-28
Added Net: Name=RW
Added Pin To Net: NetName=UX Pin=connecteur_capteur-6
Added Pin To Net: NetName=UX Pin=Poignard 2-1
Added Pin To Net: NetName=UX Pin=U1-3
Added Net: Name=UX
Added Pin To Net: NetName=VALPHA Pin=Poignard 6-1
Added Pin To Net: NetName=VALPHA Pin=R4-3
Added Pin To Net: NetName=VALPHA Pin=U1-2
Added Net: Name=VALPHA
Added Pin To Net: NetName=VBETA Pin=Poignard 7-1
Added Pin To Net: NetName=VBETA Pin=R5-3
Added Pin To Net: NetName=VBETA Pin=U1-5
Added Net: Name=VBETA
Added Pin To Net: NetName=VCAPTEUR Pin=Poignard 1-1
Added Pin To Net: NetName=VCAPTEUR Pin=U1-6
Added Pin To Net: NetName=VCAPTEUR Pin=U2-2
Added Net: Name=VCAPTEUR
Added Pin To Net: NetName=VCC Pin=Afficheur_LCD-13
Added Pin To Net: NetName=VCC Pin=C1-2
Added Pin To Net: NetName=VCC Pin=C2-2
Added Pin To Net: NetName=VCC Pin=connecteur_capteur-2
Added Pin To Net: NetName=VCC Pin=P1-1
Added Pin To Net: NetName=VCC Pin=Poignard 4-1
Added Pin To Net: NetName=VCC Pin=U1-7
Added Pin To Net: NetName=VCC Pin=U2-11
Added Pin To Net: NetName=VCC Pin=U2-32
Added Net: Name=VCC
Added Pin To Net: NetName=VREF Pin=connecteur_capteur-1
Added Pin To Net: NetName=VREF Pin=Poignard 5-1
Added Pin To Net: NetName=VREF Pin=R2-2
Added Pin To Net: NetName=VREF Pin=R3-2
Added Net: Name=VREF
Added Pin To Net: NetName=VSS Pin=P1-3
Added Pin To Net: NetName=VSS Pin=U1-4
Added Net: Name=VSS
Added Class: Name=projet
Added Room: Name=projet
